<?xml version="1.0" encoding="UTF-8"?>
<coverage generated="1776978423319" clover="3.2.0">
  <project timestamp="1776978423319" name="All files">
    <metrics statements="5" coveredstatements="5" conditionals="0" coveredconditionals="0" methods="0" coveredmethods="0" elements="5" coveredelements="5" complexity="0" loc="5" ncloc="5" packages="1" files="1" classes="1"/>
    <file name="eventValidation.ts" path="C:\Users\Abhay Singh\OneDrive\Desktop\RRC_Polytech_Term05\COMP-3018_Back_End_Dev\Project\src\api\v1\validation\eventValidation.ts">
      <metrics statements="5" coveredstatements="5" conditionals="0" coveredconditionals="0" methods="0" coveredmethods="0"/>
      <line num="1" count="1" type="stmt"/>
      <line num="3" count="1" type="stmt"/>
      <line num="140" count="1" type="stmt"/>
      <line num="153" count="1" type="stmt"/>
      <line num="166" count="1" type="stmt"/>
    </file>
  </project>
</coverage>
