{"C:\\Users\\Abhay Singh\\OneDrive\\Desktop\\RRC_Polytech_Term05\\COMP-3018_Back_End_Dev\\Project\\src\\api\\v1\\validation\\eventValidation.ts": {"path":"C:\\Users\\Abhay Singh\\OneDrive\\Desktop\\RRC_Polytech_Term05\\COMP-3018_Back_End_Dev\\Project\\src\\api\\v1\\validation\\eventValidation.ts","statementMap":{"0":{"start":{"line":1,"column":0},"end":{"line":1,"column":22}},"1":{"start":{"line":3,"column":21},"end":{"line":3,"column":66}},"2":{"start":{"line":140,"column":13},"end":{"line":151,"column":3}},"3":{"start":{"line":153,"column":13},"end":{"line":164,"column":10}},"4":{"start":{"line":166,"column":13},"end":{"line":168,"column":3}}},"fnMap":{},"branchMap":{},"s":{"0":1,"1":1,"2":1,"3":1,"4":1},"f":{},"b":{}}
}
